[2024-12-03 21:49:59] User 'admin' logged in successfully.
[2024-12-04 00:00:10] User 'admin' logged in successfully.
[2024-12-04 00:10:30] Admin 'admin' deleted review ID 4.
[2024-12-04 17:30:40] Failed login attempt with unknown username: '&#039; OR 1=1 LIMIT 1 -- '.
[2024-12-04 22:58:44] Failed login attempt with unknown username: '&#039; OR 1=1 --'.
[2024-12-04 23:13:58] Failed login attempt for user 'admin': incorrect password.
[2024-12-04 23:14:24] Failed login attempt for user 'admin': incorrect password.
[2024-12-04 23:15:01] Failed login attempt for user 'admin': incorrect password.
[2024-12-04 23:15:52] Failed login attempt for user 'admin': incorrect password.
[2024-12-04 23:16:10] Failed login attempt for user 'admin': incorrect password.
[2024-12-04 23:16:19] User 'Dillon' logged in successfully.
[2024-12-04 23:16:55] Failed login attempt for user 'admin': incorrect password.
[2024-12-04 23:17:18] User 'admin' logged in successfully.
[2024-12-04 23:53:59] New account created for user 'Dillon1' with role 'customer'.
[2024-12-04 23:54:11] User 'Dillon1' logged in successfully.
[2024-12-05 00:07:06] User 'Dillon1' updated review ID 7.
[2024-12-05 00:07:18] User 'Dillon1' updated review ID 7.
[2024-12-05 00:11:10] User 'Dillon' logged in successfully.
[2024-12-05 00:14:47] User 'Dillon' logged in successfully.
[2024-12-05 00:14:59] User 'Dillon' logged in successfully.
[2024-12-05 00:15:05] User 'Dillon' updated review ID 6.
[2024-12-05 01:01:17] User 'Dillon' updated review ID 6.
[2024-12-05 17:30:24] User 'Dillon' logged in successfully.
[2024-12-05 18:02:41] Failed login attempt with unknown username: 'gg'.
[2024-12-05 18:03:07] User 'Dillon' logged in successfully.
[2024-12-05 23:18:18] New account created for user 'Adam33' with role 'customer'.
[2024-12-05 23:20:18] User 'Dillon' logged in successfully.
[2024-12-05 23:20:38] Failed login attempt with unknown username: 'D'.
[2024-12-05 23:21:42] User 'Dillon' logged in successfully.
[2024-12-05 23:22:16] Failed login attempt with unknown username: 'D'.
[2024-12-05 23:24:10] Failed login attempt with unknown username: 'D'.
[2024-12-05 23:32:45] Failed login attempt with unknown username: 'D'.
[2024-12-05 23:33:04] Failed login attempt with unknown username: 'D'.
[2024-12-05 23:33:49] User 'Dillon' logged in successfully.
[2024-12-05 23:34:09] Failed login attempt with unknown username: 'D'.
[2024-12-05 23:36:51] User 'Dillon' logged in successfully.
[2024-12-05 23:37:18] Failed login attempt with unknown username: 'd'.
[2024-12-05 23:38:06] User 'Dillon' logged in successfully.
[2024-12-05 23:38:21] Failed login attempt with unknown username: 'D'.
[2024-12-06 00:07:27] User 'Dillon' logged in successfully.
[2024-12-06 00:08:00] User 'admin' logged in successfully.
[2024-12-06 00:09:17] User 'Dillon' logged in successfully.
